<?xml version="1.0" encoding="UTF-8"?>
<testng-results ignored="5" total="12" passed="6" failed="1" skipped="0">
  <reporter-output>
  </reporter-output>
  <suite started-at="2024-06-22T17:57:24 PKT" name="javaMavenPracticeSuite" finished-at="2024-06-22T17:57:24 PKT" duration-ms="75">
    <groups>
      <group name="Smoke">
        <method signature="CarLoan.WebLoginCarLoan()[pri:0, instance:testNGDemo.CarLoan@6e20b53a]" name="WebLoginCarLoan" class="testNGDemo.CarLoan"/>
        <method signature="HomeLoan.WebLoginHomeLoan(java.lang.String,java.lang.String)[pri:0, instance:testNGDemo.HomeLoan@52e6fdee]" name="WebLoginHomeLoan" class="testNGDemo.HomeLoan"/>
        <method signature="PersonalLoan.WebLoginPersonalLoan(java.lang.String,java.lang.String)[pri:0, instance:testNGDemo.PersonalLoan@f6efaab]" name="WebLoginPersonalLoan" class="testNGDemo.PersonalLoan"/>
      </group> <!-- Smoke -->
    </groups>
    <test started-at="2024-06-22T17:57:24 PKT" name="TestNG-&gt;PersonalLoan" finished-at="2024-06-22T17:57:24 PKT" duration-ms="73">
      <class name="testNGDemo.PersonalLoan">
        <test-method signature="ApiLoginPersonalLoan(java.lang.String,java.lang.String)[pri:0, instance:testNGDemo.PersonalLoan@f6efaab]" started-at="2024-06-22T17:57:24 PKT" name="ApiLoginPersonalLoan" data-provider="getData" finished-at="2024-06-22T17:57:24 PKT" duration-ms="14" status="PASS">
          <params>
            <param index="0">
              <value>
                <![CDATA[firstname]]>
              </value>
            </param>
            <param index="1">
              <value>
                <![CDATA[firstPassword]]>
              </value>
            </param>
          </params>
          <reporter-output>
          </reporter-output>
        </test-method> <!-- ApiLoginPersonalLoan -->
        <test-method signature="ApiLoginPersonalLoan(java.lang.String,java.lang.String)[pri:0, instance:testNGDemo.PersonalLoan@f6efaab]" started-at="2024-06-22T17:57:24 PKT" name="ApiLoginPersonalLoan" data-provider="getData" finished-at="2024-06-22T17:57:24 PKT" duration-ms="2" status="PASS">
          <params>
            <param index="0">
              <value>
                <![CDATA[secondname]]>
              </value>
            </param>
            <param index="1">
              <value>
                <![CDATA[secondPassword]]>
              </value>
            </param>
          </params>
          <reporter-output>
          </reporter-output>
        </test-method> <!-- ApiLoginPersonalLoan -->
        <test-method signature="ApiLoginPersonalLoan(java.lang.String,java.lang.String)[pri:0, instance:testNGDemo.PersonalLoan@f6efaab]" started-at="2024-06-22T17:57:24 PKT" name="ApiLoginPersonalLoan" data-provider="getData" finished-at="2024-06-22T17:57:24 PKT" duration-ms="2" status="PASS">
          <params>
            <param index="0">
              <value>
                <![CDATA[thirdname]]>
              </value>
            </param>
            <param index="1">
              <value>
                <![CDATA[thirdPassword]]>
              </value>
            </param>
          </params>
          <reporter-output>
          </reporter-output>
        </test-method> <!-- ApiLoginPersonalLoan -->
        <test-method signature="WebLoginPersonalLoan(java.lang.String,java.lang.String)[pri:0, instance:testNGDemo.PersonalLoan@f6efaab]" started-at="2024-06-22T17:57:24 PKT" name="WebLoginPersonalLoan" finished-at="2024-06-22T17:57:24 PKT" duration-ms="2" status="PASS">
          <params>
            <param index="0">
              <value>
                <![CDATA[www.personalloan.com]]>
              </value>
            </param>
            <param index="1">
              <value>
                <![CDATA[$1000]]>
              </value>
            </param>
          </params>
          <reporter-output>
          </reporter-output>
        </test-method> <!-- WebLoginPersonalLoan -->
      </class> <!-- testNGDemo.PersonalLoan -->
    </test> <!-- TestNG->PersonalLoan -->
    <test started-at="2024-06-22T17:57:24 PKT" name="TestNG-&gt;Car-&gt;Home-&gt;Personal" finished-at="2024-06-22T17:57:24 PKT" duration-ms="75">
      <class name="testNGDemo.HomeLoan">
        <test-method signature="WebLoginHomeLoan(java.lang.String,java.lang.String)[pri:0, instance:testNGDemo.HomeLoan@52e6fdee]" started-at="2024-06-22T17:57:24 PKT" name="WebLoginHomeLoan" finished-at="2024-06-22T17:57:24 PKT" duration-ms="18" status="FAIL">
          <params>
            <param index="0">
              <value>
                <![CDATA[https://rahulshettyacademy.com/AutomationPractice/]]>
              </value>
            </param>
            <param index="1">
              <value>
                <![CDATA[123456789]]>
              </value>
            </param>
          </params>
          <exception class="java.lang.AssertionError">
            <message>
              <![CDATA[expected [true] but found [false]]]>
            </message>
            <full-stacktrace>
              <![CDATA[java.lang.AssertionError: expected [true] but found [false]
at org.testng.Assert.fail(Assert.java:99)
at org.testng.Assert.failNotEquals(Assert.java:1037)
at org.testng.Assert.assertTrue(Assert.java:45)
at org.testng.Assert.assertTrue(Assert.java:55)
at testNGDemo.HomeLoan.WebLoginHomeLoan(HomeLoan.java:16)
at java.base/jdk.internal.reflect.DirectMethodHandleAccessor.invoke(DirectMethodHandleAccessor.java:103)
at java.base/java.lang.reflect.Method.invoke(Method.java:580)
at org.testng.internal.MethodInvocationHelper.invokeMethod(MethodInvocationHelper.java:133)
at org.testng.internal.TestInvoker.invokeMethod(TestInvoker.java:598)
at org.testng.internal.TestInvoker.invokeTestMethod(TestInvoker.java:173)
at org.testng.internal.MethodRunner.runInSequence(MethodRunner.java:46)
at org.testng.internal.TestInvoker$MethodInvocationAgent.invoke(TestInvoker.java:824)
at org.testng.internal.TestInvoker.invokeTestMethods(TestInvoker.java:146)
at org.testng.internal.TestMethodWorker.invokeTestMethods(TestMethodWorker.java:146)
at org.testng.internal.TestMethodWorker.run(TestMethodWorker.java:128)
at java.base/java.util.ArrayList.forEach(ArrayList.java:1596)
at org.testng.TestRunner.privateRun(TestRunner.java:794)
at org.testng.TestRunner.run(TestRunner.java:596)
at org.testng.SuiteRunner.runTest(SuiteRunner.java:377)
at org.testng.SuiteRunner.access$000(SuiteRunner.java:28)
at org.testng.SuiteRunner$SuiteWorker.run(SuiteRunner.java:418)
at org.testng.internal.thread.ThreadUtil.lambda$execute$0(ThreadUtil.java:64)
at java.base/java.util.concurrent.FutureTask.run(FutureTask.java:317)
at java.base/java.util.concurrent.ThreadPoolExecutor.runWorker(ThreadPoolExecutor.java:1144)
at java.base/java.util.concurrent.ThreadPoolExecutor$Worker.run(ThreadPoolExecutor.java:642)
at java.base/java.lang.Thread.run(Thread.java:1583)
]]>
            </full-stacktrace>
          </exception> <!-- java.lang.AssertionError -->
          <reporter-output>
          </reporter-output>
        </test-method> <!-- WebLoginHomeLoan -->
      </class> <!-- testNGDemo.HomeLoan -->
      <class name="testNGDemo.CarLoan">
        <test-method signature="ApiLoginCarLoan()[pri:0, instance:testNGDemo.CarLoan@6e20b53a]" started-at="2024-06-22T17:57:24 PKT" name="ApiLoginCarLoan" finished-at="2024-06-22T17:57:24 PKT" duration-ms="3" status="PASS">
          <reporter-output>
          </reporter-output>
        </test-method> <!-- ApiLoginCarLoan -->
        <test-method signature="WebLoginCarLoan()[pri:0, instance:testNGDemo.CarLoan@6e20b53a]" started-at="2024-06-22T17:57:24 PKT" name="WebLoginCarLoan" finished-at="2024-06-22T17:57:24 PKT" duration-ms="1" status="PASS">
          <reporter-output>
          </reporter-output>
        </test-method> <!-- WebLoginCarLoan -->
      </class> <!-- testNGDemo.CarLoan -->
    </test> <!-- TestNG->Car->Home->Personal -->
  </suite> <!-- javaMavenPracticeSuite -->
</testng-results>
